---------------Invariant Clauses-------------------- 
!()



---------------PDR Log--------------------
Trying to justify cube <prop=fail> in frame 1.
Adding cube (copy1.finish[0]) to frame 1.
Trying to justify cube <prop=fail> in frame 1.
Adding cube (copy2.finish[0]) to frame 1.
1 : 0 2                                                                 1     2      0.00 sec
Trying to justify cube <prop=fail> in frame 2.
Trying to justify cube (copy1.finish[0] && !copy2.finish[0]) in frame 1.
Adding cube (finish_diff[0]) to frame 1.
Trying to justify cube (finish_diff[0] && !busy2[0] && busy1[0] && !b_reg1[0] && !b_reg1[1] && !b_reg1[2] && !b_reg1[3] && !b_reg1[4] && !b_reg1[5] && !b_reg1[6] && !b_reg1[7]) in frame 1.
Adding cube (busy_diff[0]) to frame 2.
Adding cube (!busy2[0] && busy1[0]) to frame 2.
Adding cube (copy1.finish[0] && !copy2.finish[0]) to frame 2.
Trying to justify cube <prop=fail> in frame 2.
Adding cube (!copy1.finish[0] && copy2.finish[0]) to frame 2.
2 : 0 3 4                                                               3     6      0.00 sec
Trying to justify cube <prop=fail> in frame 3.
Trying to justify cube (copy1.finish[0] && !copy2.finish[0]) in frame 2.
Trying to justify cube (finish_diff[0] && !a_reg1[0] && !a_reg1[1] && !a_reg1[2] && !a_reg1[3] && !a_reg1[4] && !a_reg1[5] && !a_reg1[6] && !a_reg1[7] && b_reg2[1] && busy1[0] && a_reg2[4]) in frame 1.
Adding cube (b_reg_diff[0]) to frame 3.
Trying to justify cube (finish_diff[0] && !a_reg1[0] && !a_reg1[1] && !a_reg1[2] && !a_reg1[3] && !a_reg1[4] && !a_reg1[5] && !a_reg1[6] && !a_reg1[7] && b_reg2[1] && busy1[0] && a_reg2[4]) in frame 1.
Adding cube (busy2[0] && !busy1[0]) to frame 3.
Trying to justify cube (finish_diff[0] && !a_reg1[0] && !a_reg1[1] && !a_reg1[2] && !a_reg1[3] && !a_reg1[4] && !a_reg1[5] && !a_reg1[6] && !a_reg1[7] && b_reg2[1] && busy1[0] && a_reg2[4]) in frame 1.
Adding cube (b_reg2[0] && !b_reg1[0]) to frame 3.
Trying to justify cube (finish_diff[0] && !a_reg1[0] && !a_reg1[1] && !a_reg1[2] && !a_reg1[3] && !a_reg1[4] && !a_reg1[5] && !a_reg1[6] && !a_reg1[7] && b_reg2[1] && busy1[0] && a_reg2[4]) in frame 1.
Adding cube (b_reg2[1] && !b_reg1[1]) to frame 3.
Trying to justify cube (finish_diff[0] && !a_reg1[0] && !a_reg1[1] && !a_reg1[2] && !a_reg1[3] && !a_reg1[4] && !a_reg1[5] && !a_reg1[6] && !a_reg1[7] && b_reg2[1] && busy1[0] && a_reg2[4]) in frame 1.
Adding cube (!b_reg2[0] && b_reg1[0]) to frame 3.
Trying to justify cube (finish_diff[0] && !a_reg1[0] && !a_reg1[1] && !a_reg1[2] && !a_reg1[3] && !a_reg1[4] && !a_reg1[5] && !a_reg1[6] && !a_reg1[7] && b_reg2[1] && busy1[0] && a_reg2[4]) in frame 1.
Adding cube (b_reg2[2] && !b_reg1[2]) to frame 3.
Trying to justify cube (finish_diff[0] && !a_reg1[0] && !a_reg1[1] && !a_reg1[2] && !a_reg1[3] && !a_reg1[4] && !a_reg1[5] && !a_reg1[6] && !a_reg1[7] && b_reg2[1] && busy1[0] && a_reg2[4]) in frame 1.
Adding cube (b_reg2[3] && !b_reg1[3]) to frame 3.
Trying to justify cube (finish_diff[0] && !a_reg1[0] && !a_reg1[1] && !a_reg1[2] && !a_reg1[3] && !a_reg1[4] && !a_reg1[5] && !a_reg1[6] && !a_reg1[7] && b_reg2[1] && busy1[0] && a_reg2[4]) in frame 1.
Adding cube (!b_reg2[2] && b_reg1[2]) to frame 3.
Trying to justify cube (finish_diff[0] && !a_reg1[0] && !a_reg1[1] && !a_reg1[2] && !a_reg1[3] && !a_reg1[4] && !a_reg1[5] && !a_reg1[6] && !a_reg1[7] && b_reg2[1] && busy1[0] && a_reg2[4]) in frame 1.
Adding cube (b_reg2[5] && !b_reg1[5]) to frame 3.
Trying to justify cube (finish_diff[0] && !a_reg1[0] && !a_reg1[1] && !a_reg1[2] && !a_reg1[3] && !a_reg1[4] && !a_reg1[5] && !a_reg1[6] && !a_reg1[7] && b_reg2[1] && busy1[0] && a_reg2[4]) in frame 1.
Adding cube (b_reg2[6] && !b_reg1[6]) to frame 3.
Trying to justify cube (finish_diff[0] && !a_reg1[0] && !a_reg1[1] && !a_reg1[2] && !a_reg1[3] && !a_reg1[4] && !a_reg1[5] && !a_reg1[6] && !a_reg1[7] && b_reg2[1] && busy1[0] && a_reg2[4]) in frame 1.
Adding cube (b_reg2[7] && !b_reg1[7]) to frame 3.
Trying to justify cube (finish_diff[0] && !a_reg1[0] && !a_reg1[1] && !a_reg1[2] && !a_reg1[3] && !a_reg1[4] && !a_reg1[5] && !a_reg1[6] && !a_reg1[7] && b_reg2[1] && busy1[0] && a_reg2[4]) in frame 1.
Adding cube (b_reg2[4] && !b_reg1[4]) to frame 3.
Trying to justify cube (finish_diff[0] && !a_reg1[0] && !a_reg1[1] && !a_reg1[2] && !a_reg1[3] && !a_reg1[4] && !a_reg1[5] && !a_reg1[6] && !a_reg1[7] && b_reg2[1] && busy1[0] && a_reg2[4]) in frame 1.
Adding cube (!b_reg2[4] && b_reg1[4]) to frame 3.
Trying to justify cube (finish_diff[0] && !a_reg1[0] && !a_reg1[1] && !a_reg1[2] && !a_reg1[3] && !a_reg1[4] && !a_reg1[5] && !a_reg1[6] && !a_reg1[7] && b_reg2[1] && busy1[0] && a_reg2[4]) in frame 1.
Adding cube (!a_reg1[4] && a_reg2[4]) to frame 1.
Trying to justify cube (a_reg_diff[0] && !b_reg_diff[0] && !busy2[0] && !a_reg1[4] && !busy1[0] && a_reg2[4]) in frame 1.
Trying to justify cube (a_reg_diff[0] && !busy2[0] && b_reg2[0] && b_reg2[1] && b_reg2[2] && b_reg2[3] && b_reg2[4] && !b_reg2[5] && !b_reg2[6] && !b_reg2[7] && !busy1[0] && b_reg1[0] && b_reg1[1] && b_reg1[2] && b_reg1[3] && b_reg1[4] && !b_reg1[5] && !b_reg1[6] && !b_reg1[7]) in frame 0.
3 : 0 4 3 14                                                            5    25      0.00 sec
Block =    5  Oblig =    45  Clause =    21  Call =   102 (sat=49.0%)  Cex =   0  Start =   0
SAT solving =     0.00 sec (  5.93 %)
unsat     =     0.00 sec (  0.35 %)
sat       =     0.00 sec (  5.58 %)
Generalize  =     0.00 sec (  7.24 %)
Push clause =     0.00 sec (  1.21 %)
Ternary sim =     0.00 sec (  1.83 %)
Containment =     0.00 sec (  0.13 %)
CNF compute =     0.00 sec (  2.08 %)
Refinement  =     0.00 sec (  0.10 %)
TOTAL       =     0.01 sec (100.00 %)
Output 0 of miter "multiplier_sc" was asserted in frame 4.  Time =     0.01 sec
