---------------Invariant Clauses-------------------- 
!(!busy2[0] && busy1[0])
!(busy2[0] && !busy1[0])
!(!b_reg1[7] && b_reg2[7])
!(b_reg1[7] && !b_reg2[7])
!(!b_reg1[6] && b_reg2[6])
!(b_reg1[6] && !b_reg2[6])
!(!b_reg1[5] && b_reg2[5])
!(b_reg1[5] && !b_reg2[5])
!(!b_reg1[4] && b_reg2[4])
!(b_reg1[4] && !b_reg2[4])
!(!b_reg1[3] && b_reg2[3])
!(b_reg1[3] && !b_reg2[3])
!(!b_reg1[2] && b_reg2[2])
!(b_reg1[2] && !b_reg2[2])
!(!b_reg1[1] && b_reg2[1])
!(b_reg1[1] && !b_reg2[1])
!(!b_reg1[0] && b_reg2[0])
!(b_reg1[0] && !b_reg2[0])
!(!copy1.finish[0] && copy2.finish[0])
!(copy1.finish[0] && !copy2.finish[0])



---------------PDR Log--------------------
Trying to justify cube <prop=fail> in frame 1.
Adding cube (copy1.finish[0]) to frame 1.
Trying to justify cube <prop=fail> in frame 1.
Adding cube (copy2.finish[0]) to frame 1.
1 : 0 2                                                                 1     2      0.00 sec
Trying to justify cube <prop=fail> in frame 2.
Trying to justify cube (copy1.finish[0] && !copy2.finish[0]) in frame 1.
Adding cube (!b_reg1[3] && b_reg2[3]) to frame 1.
Trying to justify cube (!b_reg1[0] && !b_reg1[1] && !b_reg1[2] && !b_reg1[3] && !b_reg1[4] && !b_reg1[5] && !b_reg1[6] && !b_reg1[7] && b_reg2[3] && busy1[0]) in frame 1.
Adding cube (busy2[0] && !busy1[0]) to frame 1.
Trying to justify cube (busy2[0] && b_reg2[4] && !busy1[0]) in frame 1.
Adding cube (!b_reg1[5] && b_reg2[5]) to frame 1.
Trying to justify cube (!b_reg1[0] && !b_reg1[1] && !b_reg1[2] && !b_reg1[3] && !b_reg1[4] && !b_reg1[5] && !b_reg1[6] && !b_reg1[7] && busy2[0] && b_reg2[5] && busy1[0]) in frame 1.
Adding cube (!b_reg1[6] && b_reg2[6]) to frame 1.
Trying to justify cube (b_reg1[0] && !b_reg1[1] && !b_reg1[2] && !b_reg1[3] && !b_reg1[4] && !b_reg1[5] && !b_reg1[6] && !b_reg1[7] && busy2[0] && b_reg2[6] && busy1[0]) in frame 1.
Adding cube (!b_reg1[7] && b_reg2[7]) to frame 1.
Trying to justify cube (b_reg1[1] && !b_reg1[2] && !b_reg1[3] && !b_reg1[4] && !b_reg1[5] && !b_reg1[6] && !b_reg1[7] && busy2[0] && b_reg2[7] && busy1[0]) in frame 1.
Adding cube (!busy2[0] && busy1[0]) to frame 1.
Trying to justify cube (b_reg1[2] && !b_reg1[3] && !b_reg1[4] && !b_reg1[5] && !b_reg1[6] && !b_reg1[7] && !busy2[0] && busy1[0]) in frame 1.
Adding cube (b_reg1[3] && !b_reg2[3]) to frame 1.
Trying to justify cube (b_reg1[3] && !b_reg1[4] && !b_reg1[5] && !b_reg1[6] && !b_reg1[7] && busy2[0] && !b_reg2[0] && !b_reg2[1] && !b_reg2[2] && !b_reg2[3] && !b_reg2[4] && !b_reg2[5] && !b_reg2[6] && !b_reg2[7] && busy1[0]) in frame 1.
Adding cube (b_reg1[4] && !b_reg2[4]) to frame 1.
Trying to justify cube (b_reg1[4] && !b_reg1[5] && !b_reg1[6] && !b_reg1[7] && busy2[0] && b_reg2[0] && !b_reg2[1] && !b_reg2[2] && !b_reg2[3] && !b_reg2[4] && !b_reg2[5] && !b_reg2[6] && !b_reg2[7] && busy1[0]) in frame 1.
Adding cube (b_reg1[5] && !b_reg2[5]) to frame 1.
Trying to justify cube (b_reg1[5] && !b_reg1[6] && !b_reg1[7] && busy2[0] && b_reg2[1] && !b_reg2[2] && !b_reg2[3] && !b_reg2[4] && !b_reg2[5] && !b_reg2[6] && !b_reg2[7] && busy1[0]) in frame 1.
Adding cube (b_reg1[6] && !b_reg2[6]) to frame 1.
Trying to justify cube (b_reg1[6] && !b_reg1[7] && busy2[0] && b_reg2[2] && !b_reg2[3] && !b_reg2[4] && !b_reg2[5] && !b_reg2[6] && !b_reg2[7] && busy1[0]) in frame 1.
Adding cube (b_reg1[7] && !b_reg2[7]) to frame 2.
Adding cube (b_reg1[6] && !b_reg2[6]) to frame 2.
Adding cube (b_reg1[5] && !b_reg2[5]) to frame 2.
Adding cube (b_reg1[4] && !b_reg2[4]) to frame 2.
Adding cube (b_reg1[3] && !b_reg2[3]) to frame 2.
Adding cube (b_reg1[2] && !busy2[0] && busy1[0]) to frame 2.
Adding cube (!b_reg1[7] && b_reg2[7]) to frame 2.
Adding cube (!b_reg1[6] && b_reg2[6]) to frame 2.
Adding cube (!b_reg1[5] && b_reg2[5]) to frame 2.
Adding cube (busy2[0] && b_reg2[4] && !busy1[0]) to frame 2.
Trying to justify cube (!b_reg1[0] && !b_reg1[1] && !b_reg1[2] && !b_reg1[3] && !b_reg1[4] && !b_reg1[5] && !b_reg1[6] && !b_reg1[7] && b_reg2[3] && busy1[0]) in frame 1.
Adding cube (!b_reg1[4] && b_reg2[4]) to frame 2.
Adding cube (!b_reg1[3] && b_reg2[3]) to frame 2.
Trying to justify cube (copy1.finish[0] && !copy2.finish[0]) in frame 1.
Adding cube (!b_reg1[0] && b_reg2[0]) to frame 1.
Trying to justify cube (!b_reg1[0] && !b_reg1[1] && !b_reg1[2] && !b_reg1[3] && !b_reg1[4] && !b_reg1[5] && !b_reg1[6] && !b_reg1[7] && b_reg2[0] && busy1[0]) in frame 1.
Adding cube (!b_reg1[1] && b_reg2[1]) to frame 1.
Trying to justify cube (b_reg1[0] && !b_reg1[1] && !b_reg1[2] && !b_reg1[3] && !b_reg1[4] && !b_reg1[5] && !b_reg1[6] && !b_reg1[7] && busy2[0] && b_reg2[1] && busy1[0]) in frame 1.
Adding cube (!b_reg1[2] && b_reg2[2]) to frame 2.
Adding cube (!b_reg1[1] && b_reg2[1]) to frame 2.
Adding cube (!b_reg1[0] && b_reg2[0]) to frame 2.
Adding cube (copy1.finish[0] && !copy2.finish[0]) to frame 2.
Trying to justify cube <prop=fail> in frame 2.
Trying to justify cube (!copy1.finish[0] && copy2.finish[0]) in frame 1.
Adding cube (b_reg1[0] && !b_reg2[0]) to frame 1.
Trying to justify cube (b_reg1[0] && busy2[0] && !b_reg2[0] && !b_reg2[1] && !b_reg2[2] && !b_reg2[3] && !b_reg2[4] && !b_reg2[5] && !b_reg2[6] && !b_reg2[7]) in frame 1.
Adding cube (b_reg1[1] && !b_reg2[1]) to frame 1.
Trying to justify cube (b_reg1[1] && busy2[0] && b_reg2[0] && !b_reg2[1] && !b_reg2[2] && !b_reg2[3] && !b_reg2[4] && !b_reg2[5] && !b_reg2[6] && !b_reg2[7] && busy1[0]) in frame 1.
Adding cube (b_reg1[2] && !b_reg2[2]) to frame 2.
Adding cube (b_reg1[1] && !b_reg2[1]) to frame 2.
Adding cube (b_reg1[0] && !b_reg2[0]) to frame 2.
Adding cube (!copy1.finish[0] && copy2.finish[0]) to frame 2.
2 : 0 16 20                                                            12    20      0.00 sec
3 : 0 2 0 20                                                            0    20      0.00 sec
Verification of invariant with 20 clauses was successful.  Time =     0.00 sec
Block =    4  Oblig =    54  Clause =    36  Call =   155 (sat=50.3%)  Cex =   0  Start =   0
SAT solving =     0.00 sec ( 10.06 %)
unsat     =     0.00 sec (  0.99 %)
sat       =     0.00 sec (  9.07 %)
Generalize  =     0.00 sec ( 10.03 %)
Push clause =     0.00 sec (  1.92 %)
Ternary sim =     0.00 sec (  1.03 %)
Containment =     0.00 sec (  0.15 %)
CNF compute =     0.00 sec (  2.23 %)
Refinement  =     0.00 sec (  0.00 %)
TOTAL       =     0.01 sec (100.00 %)
Property proved.  Time =     0.01 sec
