---------------Invariant Clauses-------------------- 
!()



---------------PDR Log--------------------
Trying to justify cube <prop=fail> in frame 1.
Adding cube (copy1.finish[0]) to frame 1.
Trying to justify cube <prop=fail> in frame 1.
Adding cube (copy2.finish[0]) to frame 1.
1 : 0 2                                                                 1     2      0.00 sec
Trying to justify cube <prop=fail> in frame 2.
Trying to justify cube (copy1.finish[0] && !copy2.finish[0]) in frame 1.
Trying to justify cube (!a_reg1[0] && !a_reg1[1] && !a_reg1[2] && !a_reg1[3] && !a_reg1[4] && !a_reg1[5] && !a_reg1[6] && !a_reg1[7] && b_reg2[2] && a_reg2[1] && busy1[0]) in frame 0.
2 : 0 2 0                                                               3     2      0.00 sec
Block =    3  Oblig =     7  Clause =     2  Call =    11 (sat=63.6%)  Cex =   0  Start =   0
SAT solving =     0.00 sec (  1.01 %)
unsat     =     0.00 sec (  0.03 %)
sat       =     0.00 sec (  0.98 %)
Generalize  =     0.00 sec (  0.65 %)
Push clause =     0.00 sec (  0.39 %)
Ternary sim =     0.00 sec (  0.27 %)
Containment =     0.00 sec (  0.02 %)
CNF compute =     0.00 sec (  0.23 %)
Refinement  =     0.00 sec (  0.06 %)
TOTAL       =     0.01 sec (100.00 %)
Output 0 of miter "multiplier_sc" was asserted in frame 2.  Time =     0.01 sec
