---------------Invariant Clauses-------------------- 
!(finish_diff[0])
!(busy_diff[0])
!(b_reg_diff[0])
!(!copy1.finish[0] && copy2.finish[0])
!(copy1.finish[0] && !copy2.finish[0])



---------------PDR Log--------------------
Trying to justify cube <prop=fail> in frame 1.
Adding cube (copy1.finish[0]) to frame 1.
Trying to justify cube <prop=fail> in frame 1.
Adding cube (copy2.finish[0]) to frame 1.
1 : 0 2                                                                 1     2      0.00 sec
Trying to justify cube <prop=fail> in frame 2.
Trying to justify cube (copy1.finish[0] && !copy2.finish[0]) in frame 1.
Adding cube (finish_diff[0]) to frame 1.
Trying to justify cube (finish_diff[0] && b_reg2[4] && !b_reg1[0] && !b_reg1[1] && !b_reg1[2] && !b_reg1[3] && !b_reg1[4] && !b_reg1[5] && !b_reg1[6] && !b_reg1[7] && busy1[0]) in frame 1.
Adding cube (b_reg_diff[0]) to frame 1.
Trying to justify cube (b_reg_diff[0] && !busy2[0] && b_reg1[0] && !b_reg1[1] && !b_reg1[2] && !b_reg1[3] && !b_reg1[4] && !b_reg1[5] && !b_reg1[6] && !b_reg1[7] && busy1[0]) in frame 1.
Adding cube (busy_diff[0]) to frame 2.
Adding cube (b_reg_diff[0]) to frame 2.
Adding cube (finish_diff[0]) to frame 2.
Adding cube (copy1.finish[0] && !copy2.finish[0]) to frame 2.
Trying to justify cube <prop=fail> in frame 2.
Adding cube (!copy1.finish[0] && copy2.finish[0]) to frame 2.
2 : 0 4 5                                                               4     5      0.00 sec
3 : 0 2 0 5                                                             0     5      0.00 sec
Verification of invariant with 5 clauses was successful.  Time =     0.00 sec
Block =    4  Oblig =    12  Clause =     9  Call =    35 (sat=42.9%)  Cex =   0  Start =   0
SAT solving =     0.00 sec (  2.13 %)
unsat     =     0.00 sec (  0.25 %)
sat       =     0.00 sec (  1.88 %)
Generalize  =     0.00 sec (  1.74 %)
Push clause =     0.00 sec (  0.94 %)
Ternary sim =     0.00 sec (  0.70 %)
Containment =     0.00 sec (  0.06 %)
CNF compute =     0.00 sec (  0.90 %)
Refinement  =     0.00 sec (  0.00 %)
TOTAL       =     0.01 sec (100.00 %)
Property proved.  Time =     0.01 sec
