ABC command line: "read multiplier_sc.aig; fold; pdr -v -w -d; write_cex -n -m -f multiplier_sc.cex; write_verilog multiplier_sc_abc.v".

Warning: The network has no constraints.
VarMax = 300. FrameMax = 10000. QueMax = 0. TimeMax = 0. MonoCNF = no. SkipGen = no. SolveAll = no.
Frame Clauses                                                     Max Queue Flops Cex      Time
Trying to justify cube <prop=fail> in frame 1.
--------------------------10----0--01001101010011010101111101011111
--------------------------10----0--01001101010011010101111101011111
Cube:
0 
Adding cube 1---------------------------------------- to frame 1.
Trying to justify cube <prop=fail> in frame 1.
--------------------------01----0--01001101010011010101111101011111
--------------------------01----0--01001101010011010101111101011111
Cube:
2 
Adding cube -1--------------------------------------- to frame 1.
  1 : 0 2                                                                 1     2      0.01 sec
Trying to justify cube <prop=fail> in frame 2.
--------------------------10----0--01001101010011010101111101011111
--------------------------10----0--01001101010011010101111101011111
Cube:
0 32 
Adding cube 1---------------1------------------------ to frame 2.
Trying to justify cube <prop=fail> in frame 2.
--------------------------01----0--01001101010011010101111101011111
--------------------------01----0--01001101010011010101111101011111
Cube:
2 48 
Adding cube -1----------------------1---------------- to frame 2.
Trying to justify cube <prop=fail> in frame 2.
--------------------------10----0--10110000101011100111111001110000
--------------------------10----0--10110000101011100111111001110000
Cube:
0 18 52 
Adding cube 1--------1----------------1-------------- to frame 2.
Trying to justify cube <prop=fail> in frame 2.
--------------------------01----0--10110000101011100111111001110000
--------------------------01----0--10110000101011100111111001110000
Cube:
2 34 68 
Adding cube -1---------------1----------------1------ to frame 2.
Trying to justify cube <prop=fail> in frame 2.
--------------------------01----0--11110010011011100110111011110010
--------------------------01----0--11110010011011100110111011110010
Cube:
2 36 66 
Adding cube -1----------------1--------------1------- to frame 2.
Trying to justify cube <prop=fail> in frame 2.
--------------------------10----0--01101100011111100011111100110110
--------------------------10----0--01101100011111100011111100110110
Cube:
0 20 54 
Adding cube 1---------1----------------1------------- to frame 2.
Trying to justify cube <prop=fail> in frame 2.
--------------------------01----0--01101100011111100011111100110110
--------------------------01----0--01101100011111100011111100110110
Cube:
2 36 70 
Adding cube -1----------------1----------------1----- to frame 2.
Trying to justify cube <prop=fail> in frame 2.
--------------------------01----0--01101100111111000011111100011011
--------------------------01----0--01101100111111000011111100011011
Cube:
2 34 72 
Adding cube -1---------------1------------------1---- to frame 2.
Trying to justify cube <prop=fail> in frame 2.
--------------------------01----0--01110101001011100011001001001110
--------------------------01----0--01110101001011100011001001001110
Cube:
2 38 68 
Adding cube -1-----------------1--------------1------ to frame 2.
Trying to justify cube <prop=fail> in frame 2.
--------------------------10----0--01100110010111100101111001100110
--------------------------10----0--01100110010111100101111001100110
Cube:
0 20 52 
Adding cube 1---------1---------------1-------------- to frame 2.
Trying to justify cube <prop=fail> in frame 2.
--------------------------10----0--11010010111000011001100110101010
--------------------------10----0--11010010111000011001100110101010
Cube:
0 18 50 
Adding cube 1--------1---------------1--------------- to frame 2.
Trying to justify cube <prop=fail> in frame 2.
--------------------------01----0--11010000100001001111100110101100
--------------------------01----0--11010000100001001111100110101100
Cube:
2 34 66 
Adding cube -1---------------1---------------1------- to frame 2.
Trying to justify cube <prop=fail> in frame 2.
--------------------------01----0--11010101100111000011000000100100
--------------------------01----0--11010101100111000011000000100100
Cube:
2 34 70 
Adding cube -1---------------1-----------------1----- to frame 2.
Trying to justify cube <prop=fail> in frame 2.
--------------------------10----0--11010000110010000001100100011010
--------------------------10----0--11010000110010000001100100011010
Cube:
0 18 56 
Adding cube 1--------1------------------1------------ to frame 2.
Trying to justify cube <prop=fail> in frame 2.
--------------------------01----0--11001000010110000011100101001110
--------------------------01----0--11001000010110000011100101001110
Cube:
2 36 68 
Adding cube -1----------------1---------------1------ to frame 2.
Trying to justify cube <prop=fail> in frame 2.
--------------------------01----0--11001000001011000011100110011100
--------------------------01----0--11001000001011000011100110011100
Cube:
2 38 66 
Adding cube -1-----------------1-------------1------- to frame 2.
Trying to justify cube <prop=fail> in frame 2.
--------------------------01----0--11001000000100100001101110011100
--------------------------01----0--11001000000100100001101110011100
Cube:
2 40 66 
Adding cube -1------------------1------------1------- to frame 2.
Trying to justify cube <prop=fail> in frame 2.
--------------------------10----0--01110110011101101000100110001001
--------------------------10----0--01110110011101101000100110001001
Cube:
0 20 50 
Adding cube 1---------1--------------1--------------- to frame 2.
Trying to justify cube <prop=fail> in frame 2.
--------------------------10----0--00011000011100101000001000101000
--------------------------10----0--00011000011100101000001000101000
Cube:
0 24 50 
Adding cube 1-----------1------------1--------------- to frame 2.
Trying to justify cube <prop=fail> in frame 2.
--------------------------10----0--00101100011100101000010001101000
--------------------------10----0--00101100011100101000010001101000
Cube:
0 22 50 
Adding cube 1----------1-------------1--------------- to frame 2.
Trying to justify cube <prop=fail> in frame 2.
--------------------------10----0--00001110011000101101100100011111
--------------------------10----0--00001110011000101101100100011111
Cube:
0 26 50 
Adding cube 1------------1-----------1--------------- to frame 2.
Trying to justify cube <prop=fail> in frame 2.
--------------------------01----0--00001110011000101101100100011111
--------------------------01----0--00001110011000101101100100011111
Cube:
2 36 72 
Adding cube -1----------------1-----------------1---- to frame 2.
Trying to justify cube <prop=fail> in frame 2.
--------------------------10----0--00101010011000100001001100001111
--------------------------10----0--00101010011000100001001100001111
Cube:
0 22 56 
Adding cube 1----------1----------------1------------ to frame 2.
Trying to justify cube <prop=fail> in frame 2.
--------------------------01----0--00101010011000100001001100001111
--------------------------01----0--00101010011000100001001100001111
Cube:
2 36 74 
Adding cube -1----------------1------------------1--- to frame 2.
Trying to justify cube <prop=fail> in frame 2.
--------------------------01----0--00101010110100100001001100000111
--------------------------01----0--00101010110100100001001100000111
Cube:
2 34 76 
Adding cube -1---------------1--------------------1-- to frame 2.
Trying to justify cube <prop=fail> in frame 2.
--------------------------10----0--00001010111001100111001100000101
--------------------------10----0--00001010111001100111001100000101
Cube:
0 26 52 
Adding cube 1------------1------------1-------------- to frame 2.
Trying to justify cube <prop=fail> in frame 2.
--------------------------10----0--00011110011001100011001100001111
--------------------------10----0--00011110011001100011001100001111
Cube:
0 24 54 
Adding cube 1-----------1--------------1------------- to frame 2.
Trying to justify cube <prop=fail> in frame 2.
--------------------------10----0--10001010011011000000010100001111
--------------------------10----0--10001010011011000000010100001111
Cube:
0 18 60 
Adding cube 1--------1--------------------1---------- to frame 2.
Trying to justify cube <prop=fail> in frame 2.
--------------------------10----0--00000110011111001101100100001111
--------------------------10----0--00000110011111001101100100001111
Cube:
0 28 50 
Adding cube 1-------------1----------1--------------- to frame 2.
Trying to justify cube <prop=fail> in frame 2.
--------------------------10----0--00100110001111000110100101011111
--------------------------10----0--00100110001111000110100101011111
Cube:
0 22 52 
Adding cube 1----------1--------------1-------------- to frame 2.
Trying to justify cube <prop=fail> in frame 2.
--------------------------10----0--00101110010111000010111000010111
--------------------------10----0--00101110010111000010111000010111
Cube:
0 22 54 
Adding cube 1----------1---------------1------------- to frame 2.
Trying to justify cube <prop=fail> in frame 2.
--------------------------01----0--00101110001011100010110000101100
--------------------------01----0--00101110001011100010110000101100
Cube:
2 38 70 
Adding cube -1-----------------1---------------1----- to frame 2.
Trying to justify cube <prop=fail> in frame 2.
--------------------------01----0--00101111000011000010010011101101
--------------------------01----0--00101111000011000010010011101101
Cube:
2 42 66 
Adding cube -1-------------------1-----------1------- to frame 2.
Trying to justify cube <prop=fail> in frame 2.
--------------------------01----0--00111111000111000011010001100011
--------------------------01----0--00111111000111000011010001100011
Cube:
2 40 68 
Adding cube -1------------------1-------------1------ to frame 2.
Trying to justify cube <prop=fail> in frame 2.
--------------------------01----0--00100110101111100010011000001010
--------------------------01----0--00100110101111100010011000001010
Cube:
2 34 74 
Adding cube -1---------------1-------------------1--- to frame 2.
Trying to justify cube <prop=fail> in frame 2.
--------------------------10----0--10111110101111100000101000001010
--------------------------10----0--10111110101111100000101000001010
Cube:
0 18 58 
Adding cube 1--------1-------------------1----------- to frame 2.
Trying to justify cube <prop=fail> in frame 2.
--------------------------10----0--01001100101111100001001100001010
--------------------------10----0--01001100101111100001001100001010
Cube:
0 20 56 
Adding cube 1---------1-----------------1------------ to frame 2.
Trying to justify cube <prop=fail> in frame 2.
--------------------------10----0--01011110101111000000101000000101
--------------------------10----0--01011110101111000000101000000101
Cube:
0 20 58 
Adding cube 1---------1------------------1----------- to frame 2.
Trying to justify cube <prop=fail> in frame 2.
--------------------------01----0--01101100001001000000110000010010
--------------------------01----0--01101100001001000000110000010010
Cube:
2 38 72 
Adding cube -1-----------------1----------------1---- to frame 2.
Trying to justify cube <prop=fail> in frame 2.
--------------------------01----0--01101101000011100000110001110010
--------------------------01----0--01101101000011100000110001110010
Cube:
2 42 68 
Adding cube -1-------------------1------------1------ to frame 2.
Trying to justify cube <prop=fail> in frame 2.
--------------------------01----0--01010100000110000000111000100011
--------------------------01----0--01010100000110000000111000100011
Cube:
2 40 70 
Adding cube -1------------------1--------------1----- to frame 2.
Trying to justify cube <prop=fail> in frame 2.
--------------------------01----0--00000110000111000000111000000011
--------------------------01----0--00000110000111000000111000000011
Cube:
2 40 78 
Adding cube -1------------------1------------------1- to frame 2.
Trying to justify cube <prop=fail> in frame 2.
--------------------------01----0--00000110000011000000111000000111
--------------------------01----0--00000110000011000000111000000111
Cube:
2 42 76 
Adding cube -1-------------------1----------------1-- to frame 2.
Trying to justify cube <prop=fail> in frame 2.
--------------------------01----0--00001000001010000000111100000011
--------------------------01----0--00001000001010000000111100000011
Cube:
2 38 78 
Adding cube -1-----------------1-------------------1- to frame 2.
Trying to justify cube <prop=fail> in frame 2.
--------------------------01----0--00000101010011000011110000000011
--------------------------01----0--00000101010011000011110000000011
Cube:
2 36 78 
Adding cube -1----------------1--------------------1- to frame 2.
Trying to justify cube <prop=fail> in frame 2.
--------------------------01----0--00000101000011000011110000010011
--------------------------01----0--00000101000011000011110000010011
Cube:
2 42 72 
Adding cube -1-------------------1--------------1---- to frame 2.
Trying to justify cube <prop=fail> in frame 2.
--------------------------01----0--00000101000001100011110000100110
--------------------------01----0--00000101000001100011110000100110
Cube:
2 44 70 
Adding cube -1--------------------1------------1----- to frame 2.
Trying to justify cube <prop=fail> in frame 2.
--------------------------01----0--00000111000001100101010001000110
--------------------------01----0--00000111000001100101010001000110
Cube:
2 44 68 
Adding cube -1--------------------1-----------1------ to frame 2.
Trying to justify cube <prop=fail> in frame 2.
--------------------------01----0--00000111100011000101010000000011
--------------------------01----0--00000111100011000101010000000011
Cube:
2 34 78 
Adding cube -1---------------1---------------------1- to frame 2.
Trying to justify cube <prop=fail> in frame 2.
--------------------------01----0--00000111000011100001010000001010
--------------------------01----0--00000111000011100001010000001010
Cube:
2 42 74 
Adding cube -1-------------------1---------------1--- to frame 2.
Trying to justify cube <prop=fail> in frame 2.
--------------------------01----0--00000110000001100001011100010111
--------------------------01----0--00000110000001100001011100010111
Cube:
2 44 72 
Adding cube -1--------------------1-------------1---- to frame 2.
Trying to justify cube <prop=fail> in frame 2.
--------------------------01----0--00000100000000100001010100101010
--------------------------01----0--00000100000000100001010100101010
Cube:
2 46 70 
Adding cube -1---------------------1-----------1----- to frame 2.
Trying to justify cube <prop=fail> in frame 2.
--------------------------01----0--00010100000000100001011010000010
--------------------------01----0--00010100000000100001011010000010
Cube:
2 46 66 
Adding cube -1---------------------1---------1------- to frame 2.
Trying to justify cube <prop=fail> in frame 2.
--------------------------01----0--00001100000100100011110000010100
--------------------------01----0--00001100000100100011110000010100
Cube:
2 40 72 
Adding cube -1------------------1---------------1---- to frame 2.
Trying to justify cube <prop=fail> in frame 2.
--------------------------01----0--00001100000000100001110001010100
--------------------------01----0--00001100000000100001110001010100
Cube:
2 46 68 
Adding cube -1---------------------1----------1------ to frame 2.
Trying to justify cube <prop=fail> in frame 2.
--------------------------01----0--00001100101010000001110000000001
--------------------------01----0--00001100101010000001110000000001
Cube:
2 34 80 
Adding cube -1---------------1----------------------1 to frame 2.
Trying to justify cube <prop=fail> in frame 2.
--------------------------01----0--00001110000010000011100000100011
--------------------------01----0--00001110000010000011100000100011
Cube:
2 42 70 
Adding cube -1-------------------1-------------1----- to frame 2.
Trying to justify cube <prop=fail> in frame 2.
--------------------------01----0--00011100000001000011101010000101
--------------------------01----0--00011100000001000011101010000101
Cube:
2 44 66 
Adding cube -1--------------------1----------1------- to frame 2.
Trying to justify cube <prop=fail> in frame 2.
--------------------------01----0--00001110010001100011100000000100
--------------------------01----0--00001110010001100011100000000100
Cube:
2 36 76 
Adding cube -1----------------1-------------------1-- to frame 2.
Trying to justify cube <prop=fail> in frame 2.
--------------------------01----0--00001101001101000011000000001100
--------------------------01----0--00001101001101000011000000001100
Cube:
2 38 74 
Adding cube -1-----------------1-----------------1--- to frame 2.
Trying to justify cube <prop=fail> in frame 2.
--------------------------01----0--00001100001100000001010000000101
--------------------------01----0--00001100001100000001010000000101
Cube:
2 38 76 
Adding cube -1-----------------1------------------1-- to frame 2.
Trying to justify cube <prop=fail> in frame 2.
--------------------------01----0--00001100000101000001010000001100
--------------------------01----0--00001100000101000001010000001100
Cube:
2 40 74 
Adding cube -1------------------1----------------1--- to frame 2.
Trying to justify cube <prop=fail> in frame 2.
--------------------------01----0--00001100000100000000000000000000
--------------------------01----0--xxxxxxxxxxxxxxxx0000000000000000
Trying to justify cube 01----0------------------0000000000000000 in frame 1.
-0000000000001000---------00111000100000000000000000000100000000000
-0000000000001000---------001x1x00100000000xxxxxxxxxxxxxxxx00000000
Cube:
8 
Adding cube ----1------------------------------------ to frame 1.
Cube:
1 3 8 
Adding cube 00--1------------------------------------ to frame 2.
Cube:
1 2 51 53 55 57 59 61 63 65 
Adding cube 01-----------------------00000000-------- to frame 2.
Trying to justify cube <prop=fail> in frame 2.
--------------------------01----0--00000000000100000000010000000000
--------------------------01----0--00000000xxxxxxxxxxxxxxxx00000000
Cube:
1 2 13 
Adding cube 01----0---------------------------------- to frame 2.
Trying to justify cube <prop=fail> in frame 2.
--------------------------10----0--00000000000100000000010000000000
--------------------------10----0--00000000xxxxxxxxxxxxxxxx00000000
Cube:
0 3 67 69 71 73 75 77 79 81 
Adding cube 10-------------------------------00000000 to frame 2.
Trying to justify cube <prop=fail> in frame 2.
--------------------------10----0--00000010000100000000100000000001
--------------------------10----0--00000010000100000000100000000001
Cube:
0 30 58 
Adding cube 1--------------1-------------1----------- to frame 2.
Trying to justify cube <prop=fail> in frame 2.
--------------------------10----0--00000010000000000000000000000001
--------------------------10----0--xxxxxxxx0000000000000000xxxxxxxx
Trying to justify cube 10----0----------0000000000000000-------- in frame 1.
-00001000--------00000010-00100001110000000000000000000000000000001
-00001000--------00000010-00100x01x100000000000000000000000xxxxxxx1
Cube:
18 35 
Adding cube ---------1-------0----------------------- to frame 1.
Cube:
7 18 35 
Adding cube ---0-----1-------0----------------------- to frame 2.
Cube:
0 3 13 35 37 39 41 43 45 47 51 53 55 57 59 61 63 65 
Adding cube 10----0----------0000000-00000000-------- to frame 2.
Trying to justify cube <prop=fail> in frame 2.
--------------------------10----0--00000000000000000000010000000001
--------------------------10----0--0000000000000000xxxxxxxxxxxxxxxx
Trying to justify cube 10----0--0000000000000000---------------- in frame 1.
-----------------00000000-00010001000000000100000000000100000000000
-----------------00000000-0001xx01x0000000010000000xxxx1xxx00000000
Cube:
6 
Adding cube ---1------------------------------------- to frame 2.
Cube:
0 3 13 19 21 23 25 27 29 31 
Adding cube 10----0--0000000------------------------- to frame 2.
Trying to justify cube <prop=fail> in frame 2.
--------------------------10----0--00000010000001000000001000000001
--------------------------10----0--00000010000001000000001000000001
Cube:
29 44 
Adding cube --------------0-------1------------------ to frame 2.
Trying to justify cube <prop=fail> in frame 2.
--------------------------10----0--00000010000000010000000100000010
--------------------------10----0--00000010000000010000000100000010
Cube:
0 3 13 19 21 23 25 27 29 47 
Adding cube 10----0--000000--------0----------------- to frame 2.
Trying to justify cube <prop=fail> in frame 2.
--------------------------10----0--00010000000000010000010001000000
--------------------------10----0--00010000000000010000010001000000
Cube:
24 41 
Adding cube ------------1-------0-------------------- to frame 2.
Trying to justify cube <prop=fail> in frame 2.
--------------------------10----0--00100000000000010000010010000000
--------------------------10----0--00100000000000010000010010000000
Cube:
22 39 
Adding cube -----------1-------0--------------------- to frame 2.
Trying to justify cube <prop=fail> in frame 2.
--------------------------10----0--01000000000000010000000101000000
--------------------------10----0--01000000000000010000000101000000
Cube:
20 37 
Adding cube ----------1-------0---------------------- to frame 2.
Trying to justify cube <prop=fail> in frame 2.
--------------------------10----0--00000100000000010000000100000100
--------------------------10----0--00000100000000010000000100000100
Cube:
28 45 
Adding cube --------------1-------0------------------ to frame 2.
Trying to justify cube <prop=fail> in frame 2.
--------------------------10----0--00000100000001000000000100000001
--------------------------10----0--00000100000001000000000100000001
Cube:
0 3 64 
Adding cube 10------------------------------1-------- to frame 2.
Trying to justify cube <prop=fail> in frame 2.
--------------------------10----0--00000100000001000000010000000100
--------------------------10----0--00000100000001000000010000000100
Cube:
0 3 60 
Adding cube 10----------------------------1---------- to frame 2.
Trying to justify cube <prop=fail> in frame 2.
--------------------------10----0--00000100000001000000001000000010
--------------------------10----0--00000100000001000000001000000010
Cube:
0 3 62 
Adding cube 10-----------------------------1--------- to frame 2.
Trying to justify cube <prop=fail> in frame 2.
--------------------------10----0--00000100000001000000100000001000
--------------------------10----0--00000100000001000000100000001000
Cube:
0 3 58 
Adding cube 10---------------------------1----------- to frame 2.
Trying to justify cube <prop=fail> in frame 2.
--------------------------10----0--00000110000011000100000000100000
--------------------------10----0--00000110000011000100000000100000
Cube:
27 42 
Adding cube -------------0-------1------------------- to frame 2.
Trying to justify cube <prop=fail> in frame 2.
--------------------------10----0--00001100000011000010000000100000
--------------------------10----0--00001100000011000010000000100000
Cube:
0 26 54 
Adding cube 1------------1-------------1------------- to frame 2.
Trying to justify cube <prop=fail> in frame 2.
--------------------------10----0--00000100000001000010000000100000
--------------------------10----0--00000100000001000010000000100000
Cube:
0 28 54 
Adding cube 1-------------1------------1------------- to frame 2.
Trying to justify cube <prop=fail> in frame 2.
--------------------------10----0--00001100000001100001000000100000
--------------------------10----0--00001100000001100001000000100000
Cube:
26 43 
Adding cube -------------1-------0------------------- to frame 2.
Trying to justify cube <prop=fail> in frame 2.
--------------------------10----0--00001110000011100001000000010000
--------------------------10----0--00001110000011100001000000010000
Cube:
0 26 56 
Adding cube 1------------1--------------1------------ to frame 2.
Trying to justify cube <prop=fail> in frame 2.
--------------------------10----0--00000110000001100001000000010000
--------------------------10----0--00000110000001100001000000010000
Cube:
0 28 56 
Adding cube 1-------------1-------------1------------ to frame 2.
Trying to justify cube <prop=fail> in frame 2.
--------------------------10----0--00000100000001000100000001000000
--------------------------10----0--00000100000001000100000001000000
Cube:
0 28 52 
Adding cube 1-------------1-----------1-------------- to frame 2.
Trying to justify cube <prop=fail> in frame 2.
--------------------------10----0--00000010000000100100000001000000
--------------------------10----0--00000010000000100100000001000000
Cube:
0 3 52 
Adding cube 10------------------------1-------------- to frame 2.
Trying to justify cube <prop=fail> in frame 2.
--------------------------10----0--00000010000000111001000011000000
--------------------------10----0--00000010000000111001000011000000
Cube:
0 48 
Adding cube 1-----------------------1---------------- to frame 2.
Trying to justify cube <prop=fail> in frame 2.
--------------------------10----0--00010010100100000001000000000010
--------------------------10----0--00010010100100000001000000000010
Cube:
19 34 
Adding cube ---------0-------1----------------------- to frame 2.
Trying to justify cube <prop=fail> in frame 2.
--------------------------10----0--00010010001100000001000000001100
--------------------------10----0--00010010001100000001000000001100
Cube:
23 38 
Adding cube -----------0-------1--------------------- to frame 2.
Trying to justify cube <prop=fail> in frame 2.
--------------------------10----0--00000010000000100010000000100000
--------------------------10----0--00000010000000100010000000100000
Cube:
0 3 54 
Adding cube 10-------------------------1------------- to frame 2.
Trying to justify cube <prop=fail> in frame 2.
--------------------------10----0--00000010000000101000000010000000
--------------------------10----0--00000010000000101000000010000000
Cube:
0 3 50 
Adding cube 10-----------------------1--------------- to frame 2.
Trying to justify cube <prop=fail> in frame 2.
--------------------------10----0--00000010000000100001000000010000
--------------------------10----0--00000010000000100001000000010000
Cube:
0 3 56 
Adding cube 10--------------------------1------------ to frame 2.
  2 : 0 4 95                                                              2    37      0.33 sec
Trying to justify cube <prop=fail> in frame 3.
--------------------------01----0--01001101010011010101111101011111
--------------------------01----0--01001101010011010101111101011111
Cube:
2 13 48 
Adding cube -1----0-----------------1---------------- to frame 3.
Trying to justify cube <prop=fail> in frame 3.
--------------------------01----0--01001110010101001101101011101111
--------------------------01----0--01001110010101001101101011101111
Cube:
2 13 44 66 
Adding cube -1----0---------------1----------1------- to frame 3.
Trying to justify cube <prop=fail> in frame 3.
--------------------------01----0--00100101110111101000000100110101
--------------------------01----0--00100101110111101000000100110101
Cube:
1 2 13 46 
Adding cube 01----0----------------1----------------- to frame 3.
Trying to justify cube <prop=fail> in frame 3.
--------------------------01----0--01000101111111000011100000010010
--------------------------01----0--01000101111111000011100000010010
Cube:
2 13 34 72 
Adding cube -1----0----------1------------------1---- to frame 3.
Trying to justify cube <prop=fail> in frame 3.
--------------------------01----0--01001011110001000001100000001001
--------------------------01----0--01001011110001000001100000001001
Cube:
2 13 34 74 
Adding cube -1----0----------1-------------------1--- to frame 3.
Trying to justify cube <prop=fail> in frame 3.
--------------------------01----0--00100000010000000001001000001001
--------------------------01----0--00100000010000000001001000001001
Cube:
2 13 36 74 
Adding cube -1----0-----------1------------------1--- to frame 3.
Trying to justify cube <prop=fail> in frame 3.
--------------------------01----0--00001100011011001001000000010000
--------------------------01----0--00001100011011001001000000010000
Cube:
2 13 36 72 
Adding cube -1----0-----------1-----------------1---- to frame 3.
Trying to justify cube <prop=fail> in frame 3.
--------------------------01----0--00111001010110001101000001000010
--------------------------01----0--00111001010110001101000001000010
Cube:
2 13 36 68 
Adding cube -1----0-----------1---------------1------ to frame 3.
Trying to justify cube <prop=fail> in frame 3.
--------------------------01----0--01101001010100001111000010000111
--------------------------01----0--01101001010100001111000010000111
Cube:
2 13 36 66 
Adding cube -1----0-----------1--------------1------- to frame 3.
Trying to justify cube <prop=fail> in frame 3.
--------------------------01----0--00110001010100000000100000000111
--------------------------01----0--00110001010100000000100000000111
Cube:
2 13 36 76 
Adding cube -1----0-----------1-------------------1-- to frame 3.
Trying to justify cube <prop=fail> in frame 3.
--------------------------01----0--00100001110100000000100000000011
--------------------------01----0--00100001110100000000100000000011
Cube:
2 13 34 78 
Adding cube -1----0----------1---------------------1- to frame 3.
Trying to justify cube <prop=fail> in frame 3.
--------------------------01----0--00011001110010000000100000000001
--------------------------01----0--00011001110010000000100000000001
Cube:
2 13 34 80 
Adding cube -1----0----------1----------------------1 to frame 3.
Trying to justify cube <prop=fail> in frame 3.
--------------------------01----0--00001001010010000000100000000001
--------------------------01----0--00001001010010000000100000000001
Cube:
2 13 36 80 
Adding cube -1----0-----------1---------------------1 to frame 3.
Trying to justify cube <prop=fail> in frame 3.
--------------------------01----0--00001001000010000000100000001001
--------------------------01----0--00001001000010000000100000001001
Cube:
2 13 42 74 
Adding cube -1----0--------------1---------------1--- to frame 3.
Trying to justify cube <prop=fail> in frame 3.
--------------------------01----0--00001111000110000000100000000101
--------------------------01----0--00001111000110000000100000000101
Cube:
2 13 40 76 
Adding cube -1----0-------------1-----------------1-- to frame 3.
Trying to justify cube <prop=fail> in frame 3.
--------------------------01----0--10101111001110000000100000110001
--------------------------01----0--10101111001110000000100000110001
Cube:
2 13 38 70 
Adding cube -1----0------------1---------------1----- to frame 3.
Trying to justify cube <prop=fail> in frame 3.
--------------------------01----0--00111001001111000100110001000001
--------------------------01----0--00111001001111000100110001000001
Cube:
2 13 38 68 
Adding cube -1----0------------1--------------1------ to frame 3.
Trying to justify cube <prop=fail> in frame 3.
--------------------------01----0--00100001001100001100100010001011
--------------------------01----0--00100001001100001100100010001011
Cube:
2 13 38 66 
Adding cube -1----0------------1-------------1------- to frame 3.
Trying to justify cube <prop=fail> in frame 3.
--------------------------01----0--00000001011001001100100000000010
--------------------------01----0--00000001011001001100100000000010
Cube:
2 13 36 78 
Adding cube -1----0-----------1--------------------1- to frame 3.
Trying to justify cube <prop=fail> in frame 3.
--------------------------01----0--00000001001011001110010000000110
--------------------------01----0--00000001001011001110010000000110
Cube:
2 13 38 76 
Adding cube -1----0------------1------------------1-- to frame 3.
Trying to justify cube <prop=fail> in frame 3.
--------------------------01----0--00000101001111001100000000010000
--------------------------01----0--00000101001111001100000000010000
Cube:
2 13 38 72 
Adding cube -1----0------------1----------------1---- to frame 3.
Trying to justify cube <prop=fail> in frame 3.
--------------------------01----0--00000000001111001100000000000000
--------------------------01----0--00000000xxxxxxxxxxxxxxxx00000000
Trying to justify cube 01----0--00000000----------------00000000 in frame 2.
---------1010010000000000-11001100101010000010100000000000000000000
---------1010010000000000-11xx11001xxxxxxxxxxxxxxxx0000000000000000
Cube:
0 2 8 
Adding cube 11--1------------------------------------ to frame 2.
Cube:
0 2 10 
Adding cube 11---1----------------------------------- to frame 3.
Cube:
1 2 13 
Adding cube 01----0---------------------------------- to frame 3.
Trying to justify cube <prop=fail> in frame 3.
--------------------------10----0--00000000001111000000000000000000
--------------------------10----0--xxxxxxxxxxxxxxxx0000000000000000
Cube:
0 3 13 67 69 71 73 75 77 79 81 
Adding cube 10----0--------------------------00000000 to frame 3.
Trying to justify cube <prop=fail> in frame 3.
--------------------------10----0--00000010001001000001001000000001
--------------------------10----0--00000010001001000001001000000001
Cube:
0 3 13 38 
Adding cube 10----0------------1--------------------- to frame 3.
Trying to justify cube <prop=fail> in frame 3.
--------------------------10----0--00000010000001000000001000000001
--------------------------10----0--00000010000001000000001000000001
Cube:
13 29 44 
Adding cube ------0-------0-------1------------------ to frame 3.
Trying to justify cube <prop=fail> in frame 3.
--------------------------10----0--00000010000000000000000000000001
--------------------------10----0--xxxxxxxx0000000000000000xxxxxxxx
Cube:
0 3 13 45 47 
Adding cube 10----0---------------00----------------- to frame 3.
Trying to justify cube <prop=fail> in frame 3.
--------------------------10----0--00000010000000100000000100000001
--------------------------10----0--00000010000000100000000100000001
Cube:
0 3 13 64 
Adding cube 10----0-------------------------1-------- to frame 3.
Trying to justify cube <prop=fail> in frame 3.
--------------------------10----0--00000110000100100000011000000001
--------------------------10----0--00000110000100100000011000000001
Cube:
0 3 13 40 
Adding cube 10----0-------------1-------------------- to frame 3.
Trying to justify cube <prop=fail> in frame 3.
--------------------------10----0--00110100000001000000111001011001
--------------------------10----0--00110100000001000000111001011001
Cube:
0 3 13 22 
Adding cube 10----0----1----------------------------- to frame 3.
Trying to justify cube <prop=fail> in frame 3.
--------------------------10----0--00010100000001000000111000110001
--------------------------10----0--00010100000001000000111000110001
Cube:
0 3 13 24 
Adding cube 10----0-----1---------------------------- to frame 3.
Trying to justify cube <prop=fail> in frame 3.
--------------------------10----0--00001100000001000000110000010010
--------------------------10----0--00001100000001000000110000010010
Cube:
0 3 13 26 
Adding cube 10----0------1--------------------------- to frame 3.
Trying to justify cube <prop=fail> in frame 3.
--------------------------10----0--00000100000001000000101000001010
--------------------------10----0--00000100000001000000101000001010
Cube:
0 3 13 58 
Adding cube 10----0----------------------1----------- to frame 3.
Trying to justify cube <prop=fail> in frame 3.
--------------------------10----0--00000100000001000000001000000010
--------------------------10----0--00000100000001000000001000000010
Cube:
0 3 13 62 
Adding cube 10----0------------------------1--------- to frame 3.
Trying to justify cube <prop=fail> in frame 3.
--------------------------10----0--00000110000001000000010000000110
--------------------------10----0--00000110000001000000010000000110
Cube:
13 30 47 
Adding cube ------0--------1-------0----------------- to frame 3.
Trying to justify cube <prop=fail> in frame 3.
--------------------------10----0--00000110000001100000010000000100
--------------------------10----0--00000110000001100000010000000100
Cube:
0 3 13 60 
Adding cube 10----0-----------------------1---------- to frame 3.
Trying to justify cube <prop=fail> in frame 3.
--------------------------10----0--00000010000000100010000000100000
--------------------------10----0--00000010000000100010000000100000
Cube:
0 3 13 54 
Adding cube 10----0--------------------1------------- to frame 3.
Trying to justify cube <prop=fail> in frame 3.
--------------------------10----0--00000010000000100100000001000000
--------------------------10----0--00000010000000100100000001000000
Cube:
0 3 13 52 
Adding cube 10----0-------------------1-------------- to frame 3.
Trying to justify cube <prop=fail> in frame 3.
--------------------------10----0--00000010000000100001000000010000
--------------------------10----0--00000010000000100001000000010000
Cube:
0 30 56 
Adding cube 1--------------1------------1------------ to frame 3.
Trying to justify cube <prop=fail> in frame 3.
--------------------------10----0--00000010000000101000000010000000
--------------------------10----0--00000010000000101000000010000000
Cube:
0 30 50 
Adding cube 1--------------1---------1--------------- to frame 3.
  3 : 0 3 70 66                                                           2    38      0.48 sec
Trying to justify cube <prop=fail> in frame 4.
--------------------------01----0--00110000110100101001100000100000
--------------------------01----0--00110000110100101001100000100000
Cube:
2 13 34 70 
Adding cube -1----0----------1-----------------1----- to frame 4.
Trying to justify cube <prop=fail> in frame 4.
--------------------------01----0--00110000000011000001100001100000
--------------------------01----0--00110000000011000001100001100000
Cube:
2 13 42 68 
Adding cube -1----0--------------1------------1------ to frame 4.
Trying to justify cube <prop=fail> in frame 4.
--------------------------01----0--00100000000101100011100101100000
--------------------------01----0--00100000000101100011100101100000
Cube:
2 13 40 68 
Adding cube -1----0-------------1-------------1------ to frame 4.
Trying to justify cube <prop=fail> in frame 4.
--------------------------01----0--00100000000001100000100101100000
--------------------------01----0--00100000000001100000100101100000
Cube:
2 13 44 68 
Adding cube -1----0---------------1-----------1------ to frame 4.
Trying to justify cube <prop=fail> in frame 4.
--------------------------10----0--00100000000001100000100101100000
--------------------------10----0--00100000000001100000100101100000
Cube:
0 22 64 
Adding cube 1----------1--------------------1-------- to frame 4.
Trying to justify cube <prop=fail> in frame 4.
--------------------------10----0--00100100000001100000100001100000
--------------------------10----0--00100100000001100000100001100000
Cube:
0 22 58 
Adding cube 1----------1-----------------1----------- to frame 4.
Trying to justify cube <prop=fail> in frame 4.
--------------------------10----0--00010000000001100001001001100000
--------------------------10----0--00010000000001100001001001100000
Cube:
0 24 56 
Adding cube 1-----------1---------------1------------ to frame 4.
Trying to justify cube <prop=fail> in frame 4.
--------------------------10----0--01010100000001100000010101100010
--------------------------10----0--01010100000001100000010101100010
Cube:
0 20 60 
Adding cube 1---------1-------------------1---------- to frame 4.
Trying to justify cube <prop=fail> in frame 4.
--------------------------10----0--11000100000001100000001101100010
--------------------------10----0--11000100000001100000001101100010
Cube:
0 18 62 
Adding cube 1--------1---------------------1--------- to frame 4.
Trying to justify cube <prop=fail> in frame 4.
--------------------------10----0--10000000011010000010000101100000
--------------------------10----0--10000000011010000010000101100000
Cube:
0 18 54 
Adding cube 1--------1-----------------1------------- to frame 4.
Trying to justify cube <prop=fail> in frame 4.
--------------------------10----0--10000000011010000000000000000000
--------------------------10----0--xxxxxxxxxxxxxxxx0000000000000000
Trying to justify cube 10----0------------------0000000000000000 in frame 3.
-0010000000000000---------00111001000000000000000110000000000000000
-0010000000000000---------00xx1x010xxxxxxxxxxxxxxxx0000000000000000
Cube:
8 13 14 
Adding cube ----1-01--------------------------------- to frame 3.
Cube:
3 8 13 14 
Adding cube -0--1-01--------------------------------- to frame 4.
Cube:
0 3 13 67 69 71 73 75 77 79 81 
Adding cube 10----0--------------------------00000000 to frame 4.
Trying to justify cube <prop=fail> in frame 4.
--------------------------10----0--11010000011010000000000100000010
--------------------------10----0--11010000011010000000000100000010
Cube:
0 3 13 18 35 
Adding cube 10----0--1-------0----------------------- to frame 4.
Trying to justify cube <prop=fail> in frame 4.
--------------------------10----0--11001000110010000000000100000001
--------------------------10----0--11001000110010000000000100000001
Cube:
0 18 64 
Adding cube 1--------1----------------------1-------- to frame 4.
Trying to justify cube <prop=fail> in frame 4.
--------------------------10----0--01100100110010000000001000000001
--------------------------10----0--01100100110010000000001000000001
Cube:
0 3 13 28 
Adding cube 10----0-------1-------------------------- to frame 4.
Trying to justify cube <prop=fail> in frame 4.
--------------------------10----0--00100010110011000000011000000001
--------------------------10----0--00100010110011000000011000000001
Cube:
0 3 13 19 22 34 
Adding cube 10----0--0-1-----1----------------------- to frame 4.
Trying to justify cube <prop=fail> in frame 4.
--------------------------10----0--01001010110111100000001100000001
--------------------------10----0--01001010110111100000001100000001
Cube:
0 3 13 19 20 34 
Adding cube 10----0--01------1----------------------- to frame 4.
Trying to justify cube <prop=fail> in frame 4.
--------------------------10----0--01001010010010100000001100000011
--------------------------10----0--01001010010010100000001100000011
Cube:
0 20 62 
Adding cube 1---------1--------------------1--------- to frame 4.
Trying to justify cube <prop=fail> in frame 4.
--------------------------10----0--01001010010010100000000100000001
--------------------------10----0--01001010010010100000000100000001
Cube:
0 20 64 
Adding cube 1---------1---------------------1-------- to frame 4.
Trying to justify cube <prop=fail> in frame 4.
--------------------------10----0--00101010010101000000001000000001
--------------------------10----0--00101010010101000000001000000001
Cube:
0 3 13 21 22 36 
Adding cube 10----0---01------1---------------------- to frame 4.
Trying to justify cube <prop=fail> in frame 4.
--------------------------10----0--00101000000100000000001000000101
--------------------------10----0--00101000000100000000001000000101
Cube:
0 3 13 22 39 
Adding cube 10----0----1-------0--------------------- to frame 4.
Trying to justify cube <prop=fail> in frame 4.
--------------------------10----0--00001000000100000000001000000001
--------------------------10----0--00001000000100000000001000000001
Cube:
0 3 13 25 26 40 
Adding cube 10----0-----01------1-------------------- to frame 4.
Trying to justify cube <prop=fail> in frame 4.
--------------------------10----0--00001000000000000000000000000001
--------------------------10----0--xxxxxxxx0000000000000000xxxxxxxx
Trying to justify cube 10----0----------0000000000000000-------- in frame 3.
-00000000--------10001000-11100001110000000000000000000000000000001
-00000000--------10001000-1x100001x100000000000000000000000xxxxxxx1
Cube:
0 14 
Adding cube 1------1--------------------------------- to frame 4.
Trying to justify cube 10----0----------0000000000000000-------- in frame 3.
-00000000--------10001000-00100101110000000000000000000000000000001
-00000000--------10001000-00100x01x100000000000000000000000xxxxxxx1
Cube:
7 18 35 
Adding cube ---0-----1-------0----------------------- to frame 4.
Cube:
0 3 13 35 37 39 41 43 47 51 53 55 57 59 61 63 65 
Adding cube 10----0----------00000-0-00000000-------- to frame 4.
Trying to justify cube <prop=fail> in frame 4.
--------------------------10----0--00011010000000010000001100100001
--------------------------10----0--00011010000000010000001100100001
Cube:
0 3 13 24 41 
Adding cube 10----0-----1-------0-------------------- to frame 4.
Trying to justify cube <prop=fail> in frame 4.
--------------------------10----0--00010000000100000000001100000011
--------------------------10----0--00010000000100000000001100000011
Cube:
0 24 62 
Adding cube 1-----------1------------------1--------- to frame 4.
Trying to justify cube <prop=fail> in frame 4.
--------------------------10----0--00010010000100100100000101000001
--------------------------10----0--00010010000100100100000101000001
Cube:
0 24 52 
Adding cube 1-----------1-------------1-------------- to frame 4.
Trying to justify cube <prop=fail> in frame 4.
--------------------------10----0--00000010000000100100000101000001
--------------------------10----0--00000010000000100100000101000001
Cube:
0 30 52 
Adding cube 1--------------1----------1-------------- to frame 4.
Trying to justify cube <prop=fail> in frame 4.
--------------------------10----0--00000000000000000100000101000001
--------------------------10----0--0000000000000000xxxxxxxxxxxxxxxx
Trying to justify cube 10----0--0000000000000000---------------- in frame 3.
-----------------00000010-00010101100000000100000000000010000000000
-----------------00000010-00010x01x0000000010000000xxxxx1xx00000000
Cube:
5 60 77 
Adding cube --0---------------------------1-------0-- to frame 4.
Trying to justify cube 10----0--0000000000000000---------------- in frame 3.
-----------------00000010-00010101100000000100000000000000100000000
-----------------00000010-00010x01x0000000010000000xxxxxxx100000000
Cube:
5 64 81 
Adding cube --0-----------------------------1-------0 to frame 4.
Trying to justify cube 10----0--0000000000000000---------------- in frame 3.
-----------------00000010-00010101100000000100000000000001000000000
-----------------00000010-00010x01x0000000010000000xxxxxx1x00000000
Cube:
5 62 79 
Adding cube --0----------------------------1-------0- to frame 4.
Trying to justify cube 10----0--0000000000000000---------------- in frame 3.
-----------------00000010-00010101100000000100000001000000000000000
-----------------00000010-00010x01x00000000100000001xxxxxxx00000000
Cube:
5 50 67 
Adding cube --0----------------------1-------0------- to frame 4.
Trying to justify cube 10----0--0000000000000000---------------- in frame 3.
-----------------00000010-00010101100000000100000000000100000000000
-----------------00000010-00010x01x0000000010000000xxxx1xxx00000000
Cube:
5 58 75 
Adding cube --0--------------------------1-------0--- to frame 4.
Trying to justify cube 10----0--0000000000000000---------------- in frame 3.
-----------------00000010-00010101100000000100000000100000000000000
-----------------00000010-00010x01x0000000010000000x1xxxxxx00000000
Cube:
5 52 69 
Adding cube --0-----------------------1-------0------ to frame 4.
Trying to justify cube 10----0--0000000000000000---------------- in frame 3.
-----------------00000010-00010101100000000100000000001000000000000
-----------------00000010-00010x01x0000000010000000xxx1xxxx00000000
Cube:
5 56 73 
Adding cube --0-------------------------1-------0---- to frame 4.
Trying to justify cube 10----0--0000000000000000---------------- in frame 3.
-----------------00000010-00010101100000000100000000010000000000000
-----------------00000010-00010x01x0000000010000000xx1xxxxx00000000
Cube:
5 54 71 
Adding cube --0------------------------1-------0----- to frame 4.
Cube:
0 3 13 35 37 39 41 43 47 
Adding cube 10----0----------00000-0----------------- to frame 4.
Trying to justify cube <prop=fail> in frame 4.
--------------------------10----0--00000010000000100000000100000001
--------------------------10----0--00000010000000100000000100000001
Cube:
0 30 64 
Adding cube 1--------------1----------------1-------- to frame 4.
Trying to justify cube <prop=fail> in frame 4.
--------------------------10----0--00000010000000100010000000100000
--------------------------10----0--00000010000000100010000000100000
Cube:
0 30 54 
Adding cube 1--------------1-----------1------------- to frame 4.
Trying to justify cube <prop=fail> in frame 4.
--------------------------10----0--00000010000000100000010000000100
--------------------------10----0--00000010000000100000010000000100
Cube:
0 30 60 
Adding cube 1--------------1--------------1---------- to frame 4.
Trying to justify cube <prop=fail> in frame 4.
--------------------------10----0--00001000000000100000000100000100
--------------------------10----0--00001000000000100000000100000100
Cube:
0 26 64 
Adding cube 1------------1------------------1-------- to frame 4.
Trying to justify cube <prop=fail> in frame 4.
--------------------------10----0--00001000000000100000001000001000
--------------------------10----0--00001000000000100000001000001000
Cube:
0 26 62 
Adding cube 1------------1-----------------1--------- to frame 4.
Trying to justify cube <prop=fail> in frame 4.
--------------------------10----0--00001000000000100000100000100000
--------------------------10----0--00001000000000100000100000100000
Cube:
0 26 58 
Adding cube 1------------1---------------1----------- to frame 4.
Trying to justify cube <prop=fail> in frame 4.
--------------------------10----0--00001000000000100000010000010000
--------------------------10----0--00001000000000100000010000010000
Cube:
0 26 60 
Adding cube 1------------1----------------1---------- to frame 4.
Trying to justify cube <prop=fail> in frame 4.
--------------------------10----0--00010000000100100000100100001000
--------------------------10----0--00010000000100100000100100001000
Cube:
0 24 64 
Adding cube 1-----------1-------------------1-------- to frame 4.
Trying to justify cube <prop=fail> in frame 4.
--------------------------10----0--00010000001100000000110000000100
--------------------------10----0--00010000001100000000110000000100
Cube:
0 24 58 
Adding cube 1-----------1----------------1----------- to frame 4.
Trying to justify cube <prop=fail> in frame 4.
--------------------------10----0--00110000001100000000010000000100
--------------------------10----0--00110000001100000000010000000100
Cube:
0 22 60 
Adding cube 1----------1------------------1---------- to frame 4.
Trying to justify cube <prop=fail> in frame 4.
--------------------------10----0--00100000001000000000001000000010
--------------------------10----0--00100000001000000000001000000010
Cube:
0 22 62 
Adding cube 1----------1-------------------1--------- to frame 4.
Trying to justify cube <prop=fail> in frame 4.
--------------------------10----0--00000010000000100000001000000010
--------------------------10----0--00000010000000100000001000000010
Cube:
0 30 62 
Adding cube 1--------------1---------------1--------- to frame 4.
Trying to justify cube <prop=fail> in frame 4.
--------------------------10----0--00010000000100000000010000000100
--------------------------10----0--00010000000100000000010000000100
Cube:
0 24 60 
Adding cube 1-----------1-----------------1---------- to frame 4.
Trying to justify cube <prop=fail> in frame 4.
--------------------------01----0--00010000000100000000000000000000
--------------------------01----0--xxxxxxxxxxxxxxxx0000000000000000
Trying to justify cube 01----0------------------0000000000000000 in frame 3.
-0000000000000000---------00111000100001000000000010000000000000000
-0000000000000000---------00xx1x001xxxxxxxxxxxxxxxx0000000000000000
Cube:
1 8 13 
Adding cube 0---1-0---------------------------------- to frame 3.
Cube:
1 3 8 15 67 69 71 73 75 77 79 81 
Adding cube 00--1--0-------------------------00000000 to frame 4.
Trying to justify cube 01----0------------------0000000000000000 in frame 3.
-0000000000000000---------11101000100001000000000100000000000000000
-0000000000000000---------1xxx10001xxxxxxxxxxxxxxxx0000000000000000
Cube:
8 11 13 
Adding cube ----100---------------------------------- to frame 4.
Cube:
1 2 13 
Adding cube 01----0---------------------------------- to frame 4.
  4 : 0 3 66 21 103                                                       2    40      0.67 sec
  5 : 0 3 28 38 3 113                                                     0    40      0.71 sec
  6 : 0 3 28 38 2 0 113                                                   0    40      0.74 sec
Invariant F[5] : 113 clauses with 40 flops (out of 41) (cex = 0, ave = 33.47)
Verification of invariant with 113 clauses was successful.  Time =     0.03 sec
Inductive invariant was written into file "multiplier_sc_inv.pla".
Dumped inductive invariant in file "multiplier_sc_inv.pla".
Block =  174  Oblig =   213  Clause =   196  Call =  1904 (sat=62.0%)  Cex =   0  Start =   3
SAT solving =     0.56 sec ( 72.03 %)
  unsat     =     0.10 sec ( 12.51 %)
  sat       =     0.47 sec ( 59.52 %)
Generalize  =     0.26 sec ( 32.79 %)
Push clause =     0.12 sec ( 14.73 %)
Ternary sim =     0.11 sec ( 14.61 %)
Containment =     0.00 sec (  0.04 %)
CNF compute =     0.01 sec (  0.72 %)
Refinement  =     0.00 sec (  0.00 %)
TOTAL       =     0.78 sec (100.00 %)
Property proved.  Time =     0.79 sec
Counter-example is not available.
