---------------Invariant Clauses-------------------- 
!(!copy2.finish[0] && busy1[0] && !busy2[0])
!(copy2.finish[0] && busy2[0])
!(!copy1.finish[0] && !busy1[0] && busy2[0])
!(!copy1.finish[0] && copy2.finish[0] && !assume_2_violate[0])
!(copy1.finish[0] && busy1[0])
!(copy1.finish[0] && !copy2.finish[0] && !assume_2_violate[0])



---------------PDR Log--------------------
Trying to justify cube <prop=fail> in frame 1.
Adding cube (copy1.finish[0]) to frame 1.
Trying to justify cube <prop=fail> in frame 1.
Adding cube (copy2.finish[0]) to frame 1.
1 : 0 2                                                                 1     2      0.00 sec
Trying to justify cube <prop=fail> in frame 2.
Trying to justify cube (copy1.finish[0] && !copy2.finish[0] && !assume_2_violate[0] && !a_reg1[0] && !a_reg2[0]) in frame 1.
Adding cube (busy1[0] && !busy2[0]) to frame 1.
Adding cube (!copy2.finish[0] && busy1[0] && !busy2[0]) to frame 2.
Adding cube (copy1.finish[0] && !copy2.finish[0] && !assume_2_violate[0]) to frame 2.
Trying to justify cube <prop=fail> in frame 2.
Trying to justify cube (!copy1.finish[0] && copy2.finish[0] && !assume_2_violate[0] && !a_reg1[0] && !a_reg2[0]) in frame 1.
Adding cube (!busy1[0] && busy2[0]) to frame 1.
Adding cube (!copy1.finish[0] && !busy1[0] && busy2[0]) to frame 2.
Adding cube (!copy1.finish[0] && copy2.finish[0] && !assume_2_violate[0]) to frame 2.
2 : 0 4 4                                                               2     5      0.00 sec
Trying to justify cube <prop=fail> in frame 3.
Trying to justify cube (copy1.finish[0] && !copy2.finish[0] && !assume_2_violate[0] && !a_reg1[0] && !a_reg2[0]) in frame 2.
Adding cube (copy1.finish[0] && busy1[0]) to frame 3.
Adding cube (copy1.finish[0] && !copy2.finish[0] && !assume_2_violate[0]) to frame 3.
Trying to justify cube <prop=fail> in frame 3.
Trying to justify cube (!copy1.finish[0] && copy2.finish[0] && !assume_2_violate[0] && !a_reg1[0] && !a_reg2[0]) in frame 2.
Adding cube (copy2.finish[0] && busy2[0]) to frame 3.
Adding cube (!copy1.finish[0] && copy2.finish[0] && !assume_2_violate[0]) to frame 3.
3 : 0 4 4 4                                                             2     5      0.00 sec
4 : 0 4 0 0 6                                                           0     5      0.01 sec
Verification of invariant with 6 clauses was successful.  Time =     0.00 sec
Block =    6  Oblig =    16  Clause =    12  Call =    75 (sat=58.7%)  Cex =   0  Start =   0
SAT solving =     0.00 sec ( 13.16 %)
unsat     =     0.00 sec (  0.78 %)
sat       =     0.00 sec ( 12.38 %)
Generalize  =     0.00 sec (  7.70 %)
Push clause =     0.00 sec (  4.72 %)
Ternary sim =     0.00 sec (  0.76 %)
Containment =     0.00 sec (  0.04 %)
CNF compute =     0.00 sec (  0.92 %)
Refinement  =     0.00 sec (  0.00 %)
TOTAL       =     0.02 sec (100.00 %)
Property proved.  Time =     0.02 sec
