ABC command line: "read yosys_output/self_composition_multiplier.aig; fold; pdr -v -w -d -I abc_output/self_composition_multiplier.pla; write_cex -n -m -f abc_output/multiplier_sc.cex;".

Warning: The network has no constraints.
VarMax = 300. FrameMax = 10000. QueMax = 0. TimeMax = 0. MonoCNF = no. SkipGen = no. SolveAll = no.
Frame Clauses                                                     Max Queue Flops Cex      Time
Trying to justify cube <prop=fail> in frame 1.
-000000000000-----------------100------------------------
-000000000000-----------------100------------------------
Cube:
32 
Adding cube ----------------1-------------------------- to frame 1.
Trying to justify cube <prop=fail> in frame 1.
-000000000010-----------------010------------------------
-000000000010-----------------010------------------------
Cube:
34 
Adding cube -----------------1------------------------- to frame 1.
  1 : 0 2                                                                 1     2      0.00 sec
Trying to justify cube <prop=fail> in frame 2.
-000000000000-----------------100------------------------
-000000000000-----------------100------------------------
Trying to justify cube ----------------100------------------------ in frame 1.
-001000000000-------------------00----------------------1
-001000000000-------------------00----------------------1
Cube:
39 84 
Adding cube -------------------0----------------------1 to frame 1.
Trying to justify cube ------------------00----------------------1 in frame 1.
-0010000000001------------------01----------------------0
-0010000000001------------------01----------------------0
Cube:
38 85 
Adding cube -------------------1----------------------0 to frame 2.
Cube:
39 84 
Adding cube -------------------0----------------------1 to frame 2.
Cube:
32 35 
Adding cube ----------------10------------------------- to frame 2.
Trying to justify cube <prop=fail> in frame 2.
-001000100010-----------------010------------------------
-001000100010-----------------010------------------------
Cube:
33 34 
Adding cube ----------------01------------------------- to frame 2.
  2 : 0 3 4                                                               3     4      0.00 sec
  3 : 0 2 0 4                                                             0     4      0.00 sec
Invariant F[2] : 4 clauses with 4 flops (out of 43) (cex = 0, ave = 3.00)
Verification of invariant with 4 clauses was successful.  Time =     0.00 sec
Inductive invariant was written into file "abc_output/self_composition_multiplier.pla".
Dumped inductive invariant in file "abc_output/self_composition_multiplier.pla".
Block =    4  Oblig =     9  Clause =     7  Call =    32 (sat=50.0%)  Cex =   0  Start =   0
SAT solving =     0.00 sec (  2.10 %)
  unsat     =     0.00 sec (  0.13 %)
  sat       =     0.00 sec (  1.97 %)
Generalize  =     0.00 sec (  1.40 %)
Push clause =     0.00 sec (  0.73 %)
Ternary sim =     0.00 sec (  0.51 %)
Containment =     0.00 sec (  0.00 %)
CNF compute =     0.00 sec (  0.39 %)
Refinement  =     0.00 sec (  0.00 %)
TOTAL       =     0.01 sec (100.00 %)
Property proved.  Time =     0.01 sec
Counter-example is not available.
