ABC command line: "
    read output/multiplier_sc/shortcut.aig;
    fold;
    pdr -v -w -d -I output/multiplier_sc/shortcut.pla;
    write_cex -n -m -f output/multiplier_sc/shortcut.cex
".

Warning: The network has no constraints.
VarMax = 300. FrameMax = 10000. QueMax = 0. TimeMax = 0. MonoCNF = no. SkipGen = no. SolveAll = no.
Frame Clauses                                                     Max Queue Flops Cex      Time
Trying to justify cube <prop=fail> in frame 1.
000000000000--0------------------------1----------------0----1-
000000000000--0------------------------1----------------0----1-
Cube:
50 
Adding cube -------------------------1----------------------- to frame 1.
Trying to justify cube <prop=fail> in frame 1.
000000000100--0------------------------0----------------1----1-
000000000100--0------------------------0----------------1----1-
Cube:
84 
Adding cube ------------------------------------------1------ to frame 1.
  1 : 0 2                                                                 1     2      0.00 sec
Trying to justify cube <prop=fail> in frame 2.
000000000000--0------------------------1----------------0----1-
000000000000--0------------------------1----------------0----1-
Trying to justify cube 0------------------------1----------------0----1- in frame 1.
000000000001--0000010000---000100001---------------------111---
000000000001--0xxxxxxxx0---xxxx00001---------------------x11---
Cube:
19 42 
Adding cube ---------0-----------1--------------------------- to frame 1.
Trying to justify cube 0--------0-------00001----------------------11--- in frame 1.
000000000000-10-----0011--------0000----------------------11---
000000000000-10-----xx11--------xxx0----------------------x1---
Cube:
16 43 
Adding cube --------1------------0--------------------------- to frame 2.
Trying to justify cube 0--------0-------00001----------------------11--- in frame 1.
000000000000-10-----0101--------0000----------------------11---
000000000000-10-----x1x1--------xxx0----------------------x1---
Cube:
14 43 
Adding cube -------1-------------0--------------------------- to frame 1.
Cube:
18 43 
Adding cube ---------1-----------0--------------------------- to frame 2.
Cube:
19 42 
Adding cube ---------0-----------1--------------------------- to frame 2.
Trying to justify cube 0------------------------1----------------0----1- in frame 1.
000000000100--0010010001---000100001---------------------111---
000000000100--0x1xx1xxxx---xxxx00001---------------------x11---
Cube:
10 35 
Adding cube -----1-----------0------------------------------- to frame 1.
Cube:
10 35 42 
Adding cube -----1-----------0---1--------------------------- to frame 2.
Trying to justify cube 0------------------------1----------------0----1- in frame 1.
010001001000--0010001001---000100001---------------------111---
010001001000--0x1xxx1xxx---xxxx00001---------------------x11---
Cube:
12 37 
Adding cube ------1-----------0------------------------------ to frame 1.
Cube:
12 37 42 
Adding cube ------1-----------0--1--------------------------- to frame 2.
Trying to justify cube 0------------------------1----------------0----1- in frame 1.
010001001100--0010001101---000001001---------------------111---
010001001100--0x1xxx1xxx---0000xxxx1---------------------1x1---
Cube:
1 4 12 29 
Adding cube 0-1---1-------0---------------------------------- to frame 1.
Cube:
1 4 12 29 42 
Adding cube 0-1---1-------0------1--------------------------- to frame 2.
Trying to justify cube 0------------------------1----------------0----1- in frame 1.
010100010000--0010100101---000100001---------------------111---
010100010000--0x1xxxx1xx---xxxx00001---------------------x11---
Cube:
14 39 
Adding cube -------1-----------0----------------------------- to frame 1.
Cube:
14 39 42 
Adding cube -------1-----------0-1--------------------------- to frame 2.
Trying to justify cube 0------------------------1----------------0----1- in frame 1.
010101010100--0010000111---000000101---------------------111---
010101010100--0x1xxxxx1x---0000xxxx1---------------------1x1---
Cube:
1 4 16 29 
Adding cube 0-1-----1-----0---------------------------------- to frame 2.
Trying to justify cube 0------------------------1----------------0----1- in frame 1.
010101010101--0100000111---000000101---------------------111---
010101010101--01xxxxxx1x---0000xxxx1---------------------1x1---
Cube:
1 2 16 27 
Adding cube 01------1----0----------------------------------- to frame 2.
Trying to justify cube 0------------------------1----------------0----1- in frame 1.
110111010101--0001000111---000000101---------------------111---
110111010101--0xx1xxxx1x---0000xxxx1---------------------1x1---
Cube:
1 6 16 31 
Adding cube 0--1----1------0--------------------------------- to frame 2.
Trying to justify cube 0------------------------1----------------0----1- in frame 1.
111111110101--0001000101---000000101---------------------111---
111111110101--0xx1xxx1xx---0000xxxx1---------------------1x1---
Cube:
1 6 14 31 
Adding cube 0--1---1-------0--------------------------------- to frame 2.
Trying to justify cube 0------------------------1----------------0----1- in frame 1.
111111110101--0001010001---000010001---------------------111---
111111110101--0xx1x1xxxx---0000xxxx1---------------------1x1---
Cube:
1 6 10 31 
Adding cube 0--1-1---------0--------------------------------- to frame 1.
Cube:
1 6 10 31 42 
Adding cube 0--1-1---------0-----1--------------------------- to frame 2.
Trying to justify cube 0------------------------1----------------0----1- in frame 1.
011001000000--0001001001---000011001---------------------111---
011001000000--0xx1xx1xxx---0000xxxx1---------------------1x1---
Cube:
1 6 12 31 
Adding cube 0--1--1--------0--------------------------------- to frame 2.
Trying to justify cube 0------------------------1----------------0----1- in frame 1.
011001000000--0000101101---000011101---------------------111---
011001000000--0xxx1x1xxx---0000xxxx1---------------------1x1---
Cube:
1 8 12 33 
Adding cube 0---1-1---------0-------------------------------- to frame 1.
Cube:
1 8 12 33 42 
Adding cube 0---1-1---------0----1--------------------------- to frame 2.
Trying to justify cube 0------------------------1----------------0----1- in frame 1.
010101000000--0000100101---000010101---------------------111---
010101000000--0xxx1xx1xx---0000xxxx1---------------------1x1---
Cube:
1 8 14 33 
Adding cube 0---1--1--------0-------------------------------- to frame 1.
Cube:
1 8 14 33 42 
Adding cube 0---1--1--------0----1--------------------------- to frame 2.
Trying to justify cube 0------------------------1----------------0----1- in frame 1.
000100000000--0000100011---000010011---------------------111---
000100000000--0xxx1xxx1x---0000xxxx1---------------------1x1---
Cube:
1 8 16 33 
Adding cube 0---1---1-------0-------------------------------- to frame 2.
Trying to justify cube 0------------------------1----------------0----1- in frame 1.
000100010001--0010000011---010100001---------------------111---
000100010001--0x1xxxxx1x---xxxx00001---------------------x11---
Cube:
16 41 
Adding cube --------1-----------0---------------------------- to frame 2.
Trying to justify cube 0------------------------1----------------0----1- in frame 1.
000100010001--0010110001---000010001---------------------111---
000100010001--0x1xx1xxxx---0000xxxx1---------------------1x1---
Cube:
1 4 10 29 
Adding cube 0-1--1--------0---------------------------------- to frame 2.
Trying to justify cube 0------------------------1----------------0----1- in frame 1.
000100010001--0000110001---000010001---------------------111---
000100010001--0xxx11xxxx---0000xxxx1---------------------1x1---
Cube:
1 8 10 33 
Adding cube 0---11----------0-------------------------------- to frame 2.
Trying to justify cube 0------------------------1----------------0----1- in frame 1.
000100010001--0100010001---000010001---------------------111---
000100010001--01xxx1xxxx---0000xxxx1---------------------1x1---
Cube:
1 2 10 27 
Adding cube 01---1-------0----------------------------------- to frame 1.
Cube:
1 2 10 27 42 
Adding cube 01---1-------0-------1--------------------------- to frame 2.
Trying to justify cube 0------------------------1----------------0----1- in frame 1.
100010001000--0100001001---000011001---------------------111---
100010001000--01xxxx1xxx---0000xxxx1---------------------1x1---
Cube:
1 2 12 27 
Adding cube 01----1------0----------------------------------- to frame 1.
Cube:
1 2 12 27 42 
Adding cube 01----1------0-------1--------------------------- to frame 2.
Trying to justify cube 0------------------------1----------------0----1- in frame 1.
100010000100--0100000101---000011101---------------------111---
100010000100--01xxxxx1xx---0000xxxx1---------------------1x1---
Cube:
1 2 14 27 
Adding cube 01-----1-----0----------------------------------- to frame 2.
Trying to justify cube 0------------------------1----------------0----1- in frame 1.
100010000100--0010000101---000011101---------------------111---
100010000100--0x1xxxx1xx---0000xxxx1---------------------1x1---
Cube:
1 4 14 29 
Adding cube 0-1----1------0---------------------------------- to frame 2.
Cube:
1 50 85 
Adding cube 0------------------------1----------------0------ to frame 2.
Trying to justify cube <prop=fail> in frame 2.
000000000001--0------------------------0----------------1----1-
000000000001--0------------------------0----------------1----1-
Trying to justify cube 0------------------------0----------------1----1- in frame 1.
100010000100--0000000101---100011101---------------------111---
100010000100--00000xxxx1---1xxx1xxxx---------------------11x---
Cube:
1 3 26 34 
Adding cube 00-----------1---1------------------------------- to frame 1.
Cube:
1 3 18 26 34 
Adding cube 00-------1---1---1------------------------------- to frame 2.
Trying to justify cube 0------------------------0----------------1----1- in frame 1.
100010001000--0000010001---000111101---------------------111---
100010001000--00000xxxx1---xxx11xxxx---------------------11x---
Cube:
1 9 32 34 
Adding cube 0---0-----------11------------------------------- to frame 1.
Cube:
1 9 18 32 34 
Adding cube 0---0----1------11------------------------------- to frame 2.
Trying to justify cube 0------------------------0----------------1----1- in frame 1.
000100011000--0000000101---100001101---------------------111---
000100011000--00000xxxx1---1xxxx1xxx---------------------11x---
Cube:
1 3 26 36 
Adding cube 00-----------1----1------------------------------ to frame 1.
Cube:
1 3 18 26 36 
Adding cube 00-------1---1----1------------------------------ to frame 2.
Trying to justify cube 0------------------------0----------------1----1- in frame 1.
100010000100--0000000101---100000101---------------------111---
100010000100--00000xxxx1---1xxxxx1xx---------------------11x---
Cube:
1 3 26 38 
Adding cube 00-----------1-----1----------------------------- to frame 1.
Cube:
1 3 18 26 38 
Adding cube 00-------1---1-----1----------------------------- to frame 2.
Trying to justify cube 0------------------------0----------------1----1- in frame 1.
100010000010--0000000001---100000011---------------------111---
100010000010--00000xxxx1---1xxxxxx1x---------------------11x---
Cube:
1 3 26 40 
Adding cube 00-----------1------1---------------------------- to frame 2.
Trying to justify cube 0------------------------0----------------1----1- in frame 1.
100010000010--0000000001---000100011---------------------111---
100010000010--00000xxxx1---xxx1xxx1x---------------------11x---
Cube:
1 9 32 40 
Adding cube 0---0-----------1---1---------------------------- to frame 2.
Trying to justify cube 0------------------------0----------------1----1- in frame 1.
100010000010--0000000001---000100101---------------------111---
100010000010--00000xxxx1---xxx1xx1xx---------------------11x---
Cube:
1 9 32 38 
Adding cube 0---0-----------1--1----------------------------- to frame 2.
Trying to justify cube 0------------------------0----------------1----1- in frame 1.
100010000010--0000000001---000101001---------------------111---
100010000010--00000xxxx1---xxx1x1xxx---------------------11x---
Cube:
1 9 32 36 
Adding cube 0---0-----------1-1------------------------------ to frame 2.
Trying to justify cube 0------------------------0----------------1----1- in frame 1.
100010000010--0000000001---001001001---------------------111---
100010000010--00000xxxx1---xx1xx1xxx---------------------11x---
Cube:
1 7 30 36 
Adding cube 0--0-----------1--1------------------------------ to frame 1.
Cube:
1 7 18 30 36 
Adding cube 0--0-----1-----1--1------------------------------ to frame 2.
Trying to justify cube 0------------------------0----------------1----1- in frame 1.
001000100100--0000000001---001000101---------------------111---
001000100100--00000xxxx1---xx1xxx1xx---------------------11x---
Cube:
1 7 30 38 
Adding cube 0--0-----------1---1----------------------------- to frame 1.
Cube:
1 7 18 30 38 
Adding cube 0--0-----1-----1---1----------------------------- to frame 2.
Trying to justify cube 0------------------------0----------------1----1- in frame 1.
001000100010--0000000001---001000011---------------------111---
001000100010--00000xxxx1---xx1xxxx1x---------------------11x---
Cube:
1 7 30 40 
Adding cube 0--0-----------1----1---------------------------- to frame 2.
Trying to justify cube 0------------------------0----------------1----1- in frame 1.
001000100010--0000000001---001010001---------------------111---
001000100010--00000xxxx1---xx1x1xxxx---------------------11x---
Cube:
1 7 30 34 
Adding cube 0--0-----------1-1------------------------------- to frame 2.
Trying to justify cube 0------------------------0----------------1----1- in frame 1.
001000100010--0001000001---001010001---------------------111---
001000100010--0xxxx00001---xx1x1xxxx---------------------11x---
Cube:
11 34 
Adding cube -----0-----------1------------------------------- to frame 1.
Cube:
11 18 34 
Adding cube -----0---1-------1------------------------------- to frame 2.
Trying to justify cube 0------------------------0----------------1----1- in frame 1.
001000101000--0001000001---001001001---------------------111---
001000101000--0xxxx00001---xx1xx1xxx---------------------11x---
Cube:
13 36 
Adding cube ------0-----------1------------------------------ to frame 1.
Cube:
13 18 36 
Adding cube ------0--1--------1------------------------------ to frame 2.
Trying to justify cube 0------------------------0----------------1----1- in frame 1.
001000101100--0001000001---001000101---------------------111---
001000101100--0xxxx00001---xx1xxx1xx---------------------11x---
Cube:
15 38 
Adding cube -------0-----------1----------------------------- to frame 1.
Cube:
15 18 38 
Adding cube -------0-1---------1----------------------------- to frame 2.
Trying to justify cube 0------------------------0----------------1----1- in frame 1.
001000100010--0001000001---001000011---------------------111---
001000100010--0xxxx00001---xx1xxxx1x---------------------11x---
Cube:
17 40 
Adding cube --------0-----------1---------------------------- to frame 2.
Trying to justify cube 0------------------------0----------------1----1- in frame 1.
001000100010--0000010001---010010001---------------------111---
001000100010--00000xxxx1---x1xx1xxxx---------------------11x---
Cube:
1 5 28 34 
Adding cube 0-0-----------1--1------------------------------- to frame 1.
Cube:
1 5 18 28 34 
Adding cube 0-0------1----1--1------------------------------- to frame 2.
Trying to justify cube 0------------------------0----------------1----1- in frame 1.
010001001000--0000001001---010001001---------------------111---
010001001000--00000xxxx1---x1xxx1xxx---------------------11x---
Cube:
1 5 28 36 
Adding cube 0-0-----------1---1------------------------------ to frame 1.
Cube:
1 5 18 28 36 
Adding cube 0-0------1----1---1------------------------------ to frame 2.
Trying to justify cube 0------------------------0----------------1----1- in frame 1.
010001000100--0000000011---010000011---------------------111---
010001000100--00000xxxx1---x1xxxxx1x---------------------11x---
Cube:
1 5 28 40 
Adding cube 0-0-----------1-----1---------------------------- to frame 2.
Trying to justify cube 0------------------------0----------------1----1- in frame 1.
010001000100--0000000101---010000101---------------------111---
010001000100--00000xxxx1---x1xxxx1xx---------------------11x---
Cube:
1 5 28 38 
Adding cube 0-0-----------1----1----------------------------- to frame 2.
Cube:
1 51 84 
Adding cube 0------------------------0----------------1------ to frame 2.
  2 : 0 24 45                                                             3    21      0.01 sec
  3 : 0 3 0 45                                                            0    21      0.01 sec
Invariant F[2] : 45 clauses with 21 flops (out of 49) (cex = 0, ave = 9.26)
Verification of invariant with 45 clauses was successful.  Time =     0.00 sec
Inductive invariant was written into file "output/multiplier_sc/shortcut.pla".
Dumped inductive invariant in file "output/multiplier_sc/shortcut.pla".
Block =    4  Oblig =   112  Clause =    69  Call =   497 (sat=62.8%)  Cex =   0  Start =   0
SAT solving =  0.00610 sec (28.78159 %)
  unsat     =  0.00062 sec (2.93286 %)
  sat       =  0.00548 sec (25.84874 %)
Generalize  =  0.00649 sec (30.61581 %)
Push clause =  0.00060 sec (2.81969 %)
Ternary sim =  0.00045 sec (2.12184 %)
Containment =  0.00006 sec (0.25934 %)
CNF compute =  0.00066 sec (3.11675 %)
Refinement  =  0.00000 sec (0.00000 %)
TOTAL       =  0.02121 sec (100.00000 %)
Property proved.  Time =     0.02 sec
Counter-example is not available.
